<?xml version="1.0" encoding="UTF-8"?>
<testng-results skipped="0" failed="0" ignored="0" total="1" passed="1">
  <reporter-output>
  </reporter-output>
  <suite name="Default suite" duration-ms="184" started-at="2019-06-03T17:24:57Z" finished-at="2019-06-03T17:24:58Z">
    <groups>
    </groups>
    <test name="Default test" duration-ms="184" started-at="2019-06-03T17:24:57Z" finished-at="2019-06-03T17:24:58Z">
      <class name="Property">
        <test-method status="PASS" signature="login()[pri:0, instance:Property@5d5eef3d]" name="login" duration-ms="65" started-at="2019-06-03T22:54:57Z" finished-at="2019-06-03T22:54:58Z">
          <reporter-output>
          </reporter-output>
        </test-method> <!-- login -->
      </class> <!-- Property -->
    </test> <!-- Default test -->
  </suite> <!-- Default suite -->
</testng-results>
